0 verbose cli /usr/local/bin/node /usr/local/bin/npm
1 info using npm@10.8.2
2 info using node@v20.19.0
3 silly config load:file:/usr/local/lib/node_modules/npm/npmrc
4 silly config load:file:/data/.npmrc
5 silly config load:file:/usr/src/node-red/.npmrc
6 silly config load:file:/usr/local/etc/npmrc
7 verbose title npm install node-red-contrib-mongodb4@3.1.1
8 verbose argv "install" "--no-audit" "--no-update-notifier" "--no-fund" "--save" "--save-prefix" "~" "--omit" "dev" "--engine-strict" "node-red-contrib-mongodb4@3.1.1"
9 verbose logfile logs-max:10 dir:/data/.npm/_logs/2025-05-12T23_29_48_759Z-
10 verbose logfile /data/.npm/_logs/2025-05-12T23_29_48_759Z-debug-0.log
11 silly packumentCache heap:2197815296 maxSize:549453824 maxEntrySize:274726912
12 silly logfile done cleaning log files
13 silly idealTree buildDeps
14 silly fetch manifest node-red-contrib-mongodb4@3.1.1
15 silly packumentCache full:https://registry.npmjs.org/node-red-contrib-mongodb4 cache-miss
16 http fetch GET 200 https://registry.npmjs.org/node-red-contrib-mongodb4 684ms (cache miss)
17 silly packumentCache full:https://registry.npmjs.org/node-red-contrib-mongodb4 set size:undefined disposed:false
18 silly placeDep ROOT node-red-contrib-mongodb4@3.1.1 OK for: node-red-project@0.0.1 want: 3.1.1
19 silly fetch manifest mongodb@^6.13.1
20 silly packumentCache full:https://registry.npmjs.org/mongodb cache-miss
21 http fetch GET 200 https://registry.npmjs.org/mongodb 79ms (cache updated)
22 silly packumentCache full:https://registry.npmjs.org/mongodb set size:undefined disposed:false
23 silly fetch manifest @aws-sdk/credential-providers@^3.188.0
24 silly packumentCache full:https://registry.npmjs.org/@aws-sdk%2fcredential-providers cache-miss
25 http fetch GET 200 https://registry.npmjs.org/@aws-sdk%2fcredential-providers 62ms (cache miss)
26 silly packumentCache full:https://registry.npmjs.org/@aws-sdk%2fcredential-providers set size:undefined disposed:false
27 silly fetch manifest @mongodb-js/zstd@^1.1.0 || ^2.0.0
28 silly packumentCache full:https://registry.npmjs.org/@mongodb-js%2fzstd cache-miss
29 http fetch GET 200 https://registry.npmjs.org/@mongodb-js%2fzstd 76ms (cache miss)
30 silly packumentCache full:https://registry.npmjs.org/@mongodb-js%2fzstd set size:undefined disposed:false
31 silly fetch manifest gcp-metadata@^5.2.0
32 silly packumentCache full:https://registry.npmjs.org/gcp-metadata cache-miss
33 http fetch GET 200 https://registry.npmjs.org/gcp-metadata 29ms (cache miss)
34 silly packumentCache full:https://registry.npmjs.org/gcp-metadata set size:undefined disposed:false
35 silly fetch manifest kerberos@^2.0.1
36 silly packumentCache full:https://registry.npmjs.org/kerberos cache-miss
37 http fetch GET 200 https://registry.npmjs.org/kerberos 26ms (cache miss)
38 silly packumentCache full:https://registry.npmjs.org/kerberos set size:undefined disposed:false
39 silly fetch manifest mongodb-client-encryption@>=6.0.0 <7
40 silly packumentCache full:https://registry.npmjs.org/mongodb-client-encryption cache-miss
41 http fetch GET 200 https://registry.npmjs.org/mongodb-client-encryption 57ms (cache miss)
42 silly packumentCache full:https://registry.npmjs.org/mongodb-client-encryption set size:undefined disposed:false
43 silly fetch manifest snappy@^7.2.2
44 silly packumentCache full:https://registry.npmjs.org/snappy cache-miss
45 http fetch GET 200 https://registry.npmjs.org/snappy 33ms (cache miss)
46 silly packumentCache full:https://registry.npmjs.org/snappy set size:undefined disposed:false
47 silly fetch manifest socks@^2.7.1
48 silly packumentCache full:https://registry.npmjs.org/socks cache-miss
49 http fetch GET 200 https://registry.npmjs.org/socks 27ms (cache miss)
50 silly packumentCache full:https://registry.npmjs.org/socks set size:undefined disposed:false
51 silly placeDep node_modules/node-red-contrib-mongodb4 mongodb@6.16.0 OK for: node-red-contrib-mongodb4@3.1.1 want: ^6.13.1
52 silly fetch manifest bson@^6.10.3
53 silly packumentCache full:https://registry.npmjs.org/bson cache-miss
54 http fetch GET 200 https://registry.npmjs.org/bson 41ms (cache updated)
55 silly packumentCache full:https://registry.npmjs.org/bson set size:undefined disposed:false
56 silly fetch manifest @mongodb-js/saslprep@^1.1.9
57 silly packumentCache full:https://registry.npmjs.org/@mongodb-js%2fsaslprep cache-miss
58 http fetch GET 200 https://registry.npmjs.org/@mongodb-js%2fsaslprep 73ms (cache miss)
59 silly packumentCache full:https://registry.npmjs.org/@mongodb-js%2fsaslprep set size:undefined disposed:false
60 silly fetch manifest mongodb-connection-string-url@^3.0.0
61 silly packumentCache full:https://registry.npmjs.org/mongodb-connection-string-url cache-miss
62 http fetch GET 200 https://registry.npmjs.org/mongodb-connection-string-url 27ms (cache miss)
63 silly packumentCache full:https://registry.npmjs.org/mongodb-connection-string-url set size:undefined disposed:false
64 silly placeDep ROOT @mongodb-js/saslprep@1.2.2 OK for: mongodb@6.16.0 want: ^1.1.9
65 silly placeDep node_modules/node-red-contrib-mongodb4 bson@6.10.3 OK for: mongodb@6.16.0 want: ^6.10.3
66 silly placeDep ROOT mongodb-connection-string-url@3.0.2 OK for: mongodb@6.16.0 want: ^3.0.0
67 silly fetch manifest whatwg-url@^14.1.0 || ^13.0.0
68 silly packumentCache full:https://registry.npmjs.org/whatwg-url cache-miss
69 http fetch GET 200 https://registry.npmjs.org/whatwg-url 27ms (cache miss)
70 silly packumentCache full:https://registry.npmjs.org/whatwg-url set size:undefined disposed:false
71 silly fetch manifest @types/whatwg-url@^11.0.2
72 silly packumentCache full:https://registry.npmjs.org/@types%2fwhatwg-url cache-miss
73 http fetch GET 200 https://registry.npmjs.org/@types%2fwhatwg-url 37ms (cache miss)
74 silly packumentCache full:https://registry.npmjs.org/@types%2fwhatwg-url set size:undefined disposed:false
75 silly placeDep ROOT @types/whatwg-url@11.0.5 OK for: mongodb-connection-string-url@3.0.2 want: ^11.0.2
76 silly placeDep ROOT whatwg-url@14.2.0 OK for: mongodb-connection-string-url@3.0.2 want: ^14.1.0 || ^13.0.0
77 silly fetch manifest @types/webidl-conversions@*
78 silly packumentCache full:https://registry.npmjs.org/@types%2fwebidl-conversions cache-miss
79 http fetch GET 200 https://registry.npmjs.org/@types%2fwebidl-conversions 33ms (cache miss)
80 silly packumentCache full:https://registry.npmjs.org/@types%2fwebidl-conversions set size:undefined disposed:false
81 silly fetch manifest tr46@^5.1.0
82 silly packumentCache full:https://registry.npmjs.org/tr46 cache-miss
83 http fetch GET 200 https://registry.npmjs.org/tr46 23ms (cache miss)
84 silly packumentCache full:https://registry.npmjs.org/tr46 set size:undefined disposed:false
85 silly fetch manifest webidl-conversions@^7.0.0
86 silly packumentCache full:https://registry.npmjs.org/webidl-conversions cache-miss
87 http fetch GET 200 https://registry.npmjs.org/webidl-conversions 39ms (cache miss)
88 silly packumentCache full:https://registry.npmjs.org/webidl-conversions set size:undefined disposed:false
89 silly placeDep ROOT @types/webidl-conversions@7.0.3 OK for: @types/whatwg-url@11.0.5 want: *
90 silly placeDep ROOT tr46@5.1.1 OK for: whatwg-url@14.2.0 want: ^5.1.0
91 silly placeDep ROOT webidl-conversions@7.0.0 OK for: whatwg-url@14.2.0 want: ^7.0.0
92 silly fetch manifest punycode@^2.3.1
93 silly packumentCache full:https://registry.npmjs.org/punycode cache-miss
94 http fetch GET 200 https://registry.npmjs.org/punycode 25ms (cache miss)
95 silly packumentCache full:https://registry.npmjs.org/punycode set size:undefined disposed:false
96 silly placeDep ROOT punycode@2.3.1 OK for: tr46@5.1.1 want: ^2.3.1
97 silly reify moves {}
98 silly tarball no local data for punycode@https://registry.npmjs.org/punycode/-/punycode-2.3.1.tgz. Extracting by manifest.
99 silly tarball no local data for webidl-conversions@https://registry.npmjs.org/webidl-conversions/-/webidl-conversions-7.0.0.tgz. Extracting by manifest.
100 silly tarball no local data for tr46@https://registry.npmjs.org/tr46/-/tr46-5.1.1.tgz. Extracting by manifest.
101 silly tarball no local data for @types/webidl-conversions@https://registry.npmjs.org/@types/webidl-conversions/-/webidl-conversions-7.0.3.tgz. Extracting by manifest.
102 silly tarball no local data for whatwg-url@https://registry.npmjs.org/whatwg-url/-/whatwg-url-14.2.0.tgz. Extracting by manifest.
103 silly tarball no local data for @types/whatwg-url@https://registry.npmjs.org/@types/whatwg-url/-/whatwg-url-11.0.5.tgz. Extracting by manifest.
104 silly tarball no local data for mongodb-connection-string-url@https://registry.npmjs.org/mongodb-connection-string-url/-/mongodb-connection-string-url-3.0.2.tgz. Extracting by manifest.
105 silly tarball no local data for @mongodb-js/saslprep@https://registry.npmjs.org/@mongodb-js/saslprep/-/saslprep-1.2.2.tgz. Extracting by manifest.
106 silly tarball no local data for node-red-contrib-mongodb4@https://registry.npmjs.org/node-red-contrib-mongodb4/-/node-red-contrib-mongodb4-3.1.1.tgz. Extracting by manifest.
107 silly tarball no local data for bson@https://registry.npmjs.org/bson/-/bson-6.10.3.tgz. Extracting by manifest.
108 silly tarball no local data for mongodb@https://registry.npmjs.org/mongodb/-/mongodb-6.16.0.tgz. Extracting by manifest.
109 http fetch GET 200 https://registry.npmjs.org/punycode/-/punycode-2.3.1.tgz 139ms (cache miss)
110 http fetch GET 200 https://registry.npmjs.org/@types/whatwg-url/-/whatwg-url-11.0.5.tgz 174ms (cache miss)
111 http fetch GET 200 https://registry.npmjs.org/@types/webidl-conversions/-/webidl-conversions-7.0.3.tgz 176ms (cache miss)
112 http fetch GET 200 https://registry.npmjs.org/webidl-conversions/-/webidl-conversions-7.0.0.tgz 181ms (cache miss)
113 http fetch GET 200 https://registry.npmjs.org/mongodb-connection-string-url/-/mongodb-connection-string-url-3.0.2.tgz 188ms (cache miss)
114 http fetch GET 200 https://registry.npmjs.org/node-red-contrib-mongodb4/-/node-red-contrib-mongodb4-3.1.1.tgz 195ms (cache miss)
115 http fetch GET 200 https://registry.npmjs.org/whatwg-url/-/whatwg-url-14.2.0.tgz 214ms (cache miss)
116 http fetch GET 200 https://registry.npmjs.org/tr46/-/tr46-5.1.1.tgz 226ms (cache miss)
117 http fetch GET 200 https://registry.npmjs.org/@mongodb-js/saslprep/-/saslprep-1.2.2.tgz 241ms (cache miss)
118 http fetch GET 200 https://registry.npmjs.org/bson/-/bson-6.10.3.tgz 345ms (cache miss)
119 http fetch GET 200 https://registry.npmjs.org/mongodb/-/mongodb-6.16.0.tgz 555ms (cache miss)
120 silly ADD node_modules/punycode
121 silly ADD node_modules/webidl-conversions
122 silly ADD node_modules/tr46
123 silly ADD node_modules/@types/webidl-conversions
124 silly ADD node_modules/whatwg-url
125 silly ADD node_modules/@types/whatwg-url
126 silly ADD node_modules/mongodb-connection-string-url
127 silly ADD node_modules/@mongodb-js/saslprep
128 silly ADD node_modules/node-red-contrib-mongodb4
129 silly ADD node_modules/node-red-contrib-mongodb4/node_modules/bson
130 silly ADD node_modules/node-red-contrib-mongodb4/node_modules/mongodb
131 verbose cwd /data
132 verbose os Linux 6.8.0-1027-azure
133 verbose node v20.19.0
134 verbose npm  v10.8.2
135 verbose exit 0
136 info ok
